[2026-07-01 09:21:36Z INFO HostContext] No proxy settings were found based on environmental variables (http_proxy/https_proxy/HTTP_PROXY/HTTPS_PROXY)
[2026-07-01 09:21:36Z INFO HostContext] Well known directory 'Bin': 'D:\Naing Test\docker-practice\actions-runner\bin'
[2026-07-01 09:21:36Z INFO HostContext] Well known directory 'Root': 'D:\Naing Test\docker-practice\actions-runner'
[2026-07-01 09:21:36Z INFO HostContext] Well known config file 'Credentials': 'D:\Naing Test\docker-practice\actions-runner\.credentials'
[2026-07-01 09:21:36Z INFO HostContext] Well known directory 'Bin': 'D:\Naing Test\docker-practice\actions-runner\bin'
[2026-07-01 09:21:36Z INFO HostContext] Well known directory 'Root': 'D:\Naing Test\docker-practice\actions-runner'
[2026-07-01 09:21:36Z INFO HostContext] Well known config file 'Runner': 'D:\Naing Test\docker-practice\actions-runner\.runner'
[2026-07-01 09:21:36Z INFO Listener] Runner is built for Windows (X64) - win-x64.
[2026-07-01 09:21:36Z INFO Listener] RuntimeInformation: Microsoft Windows 10.0.26200.
[2026-07-01 09:21:36Z INFO Listener] Version: 2.335.1
[2026-07-01 09:21:36Z INFO Listener] Commit: 7d737449ef346f6524f75688d0c9c95fa10ba10a
[2026-07-01 09:21:36Z INFO Listener] Culture: en-US
[2026-07-01 09:21:36Z INFO Listener] UI Culture: en-US
[2026-07-01 09:21:36Z INFO HostContext] Well known directory 'Bin': 'D:\Naing Test\docker-practice\actions-runner\bin'
[2026-07-01 09:21:36Z INFO HostContext] Well known directory 'Root': 'D:\Naing Test\docker-practice\actions-runner'
[2026-07-01 09:21:36Z INFO Listener] Validating directory permissions for: 'D:\Naing Test\docker-practice\actions-runner'
[2026-07-01 09:21:36Z INFO CommandLineParser] Parse
[2026-07-01 09:21:36Z INFO CommandLineParser] Parsing 1 args
[2026-07-01 09:21:36Z INFO CommandLineParser] parsing argument
[2026-07-01 09:21:36Z INFO CommandLineParser] HasArgs: False
[2026-07-01 09:21:36Z INFO CommandLineParser] Adding Command: run
[2026-07-01 09:21:36Z INFO Listener] Arguments parsed
[2026-07-01 09:21:36Z INFO Runner] ExecuteCommand
[2026-07-01 09:21:36Z INFO ConfigurationStore] currentAssemblyLocation: D:\Naing Test\docker-practice\actions-runner\bin\Runner.Listener.dll
[2026-07-01 09:21:36Z INFO HostContext] Well known directory 'Bin': 'D:\Naing Test\docker-practice\actions-runner\bin'
[2026-07-01 09:21:36Z INFO ConfigurationStore] binPath: D:\Naing Test\docker-practice\actions-runner\bin
[2026-07-01 09:21:36Z INFO HostContext] Well known directory 'Bin': 'D:\Naing Test\docker-practice\actions-runner\bin'
[2026-07-01 09:21:36Z INFO HostContext] Well known directory 'Root': 'D:\Naing Test\docker-practice\actions-runner'
[2026-07-01 09:21:36Z INFO ConfigurationStore] RootFolder: D:\Naing Test\docker-practice\actions-runner
[2026-07-01 09:21:36Z INFO HostContext] Well known directory 'Bin': 'D:\Naing Test\docker-practice\actions-runner\bin'
[2026-07-01 09:21:36Z INFO HostContext] Well known directory 'Root': 'D:\Naing Test\docker-practice\actions-runner'
[2026-07-01 09:21:36Z INFO HostContext] Well known config file 'Runner': 'D:\Naing Test\docker-practice\actions-runner\.runner'
[2026-07-01 09:21:36Z INFO ConfigurationStore] ConfigFilePath: D:\Naing Test\docker-practice\actions-runner\.runner
[2026-07-01 09:21:36Z INFO HostContext] Well known directory 'Bin': 'D:\Naing Test\docker-practice\actions-runner\bin'
[2026-07-01 09:21:36Z INFO HostContext] Well known directory 'Root': 'D:\Naing Test\docker-practice\actions-runner'
[2026-07-01 09:21:36Z INFO HostContext] Well known config file 'MigratedRunner': 'D:\Naing Test\docker-practice\actions-runner\.runner_migrated'
[2026-07-01 09:21:36Z INFO ConfigurationStore] MigratedConfigFilePath: D:\Naing Test\docker-practice\actions-runner\.runner_migrated
[2026-07-01 09:21:36Z INFO HostContext] Well known directory 'Bin': 'D:\Naing Test\docker-practice\actions-runner\bin'
[2026-07-01 09:21:36Z INFO HostContext] Well known directory 'Root': 'D:\Naing Test\docker-practice\actions-runner'
[2026-07-01 09:21:36Z INFO HostContext] Well known config file 'Credentials': 'D:\Naing Test\docker-practice\actions-runner\.credentials'
[2026-07-01 09:21:36Z INFO ConfigurationStore] CredFilePath: D:\Naing Test\docker-practice\actions-runner\.credentials
[2026-07-01 09:21:36Z INFO HostContext] Well known directory 'Bin': 'D:\Naing Test\docker-practice\actions-runner\bin'
[2026-07-01 09:21:36Z INFO HostContext] Well known directory 'Root': 'D:\Naing Test\docker-practice\actions-runner'
[2026-07-01 09:21:36Z INFO HostContext] Well known config file 'MigratedCredentials': 'D:\Naing Test\docker-practice\actions-runner\.credentials_migrated'
[2026-07-01 09:21:36Z INFO ConfigurationStore] MigratedCredFilePath: D:\Naing Test\docker-practice\actions-runner\.credentials_migrated
[2026-07-01 09:21:36Z INFO HostContext] Well known directory 'Bin': 'D:\Naing Test\docker-practice\actions-runner\bin'
[2026-07-01 09:21:36Z INFO HostContext] Well known directory 'Root': 'D:\Naing Test\docker-practice\actions-runner'
[2026-07-01 09:21:36Z INFO HostContext] Well known config file 'Service': 'D:\Naing Test\docker-practice\actions-runner\.service'
[2026-07-01 09:21:36Z INFO ConfigurationStore] ServiceConfigFilePath: D:\Naing Test\docker-practice\actions-runner\.service
[2026-07-01 09:21:36Z INFO CommandSettings] Flag 'help': 'False'
[2026-07-01 09:21:36Z INFO CommandSettings] Flag 'version': 'False'
[2026-07-01 09:21:36Z INFO CommandSettings] Flag 'commit': 'False'
[2026-07-01 09:21:36Z INFO CommandSettings] Flag 'check': 'False'
[2026-07-01 09:21:36Z INFO CommandSettings] Command 'configure': 'False'
[2026-07-01 09:21:36Z INFO CommandSettings] Command 'remove': 'False'
[2026-07-01 09:21:36Z INFO CommandSettings] Command 'warmup': 'False'
[2026-07-01 09:21:36Z INFO ConfigurationManager] LoadSettings
[2026-07-01 09:21:36Z INFO ConfigurationStore] IsConfigured()
[2026-07-01 09:21:36Z INFO ConfigurationStore] IsConfigured: True
[2026-07-01 09:21:36Z INFO ConfigurationManager] Is configured: True
[2026-07-01 09:21:36Z INFO ConfigurationStore] Read setting file: 391 chars
[2026-07-01 09:21:36Z INFO ConfigurationManager] Settings Loaded
[2026-07-01 09:21:36Z INFO ConfigurationStore] IsServiceConfigured()
[2026-07-01 09:21:36Z INFO ConfigurationStore] IsServiceConfigured: False
[2026-07-01 09:21:36Z INFO CommandSettings] Command 'run': 'True'
[2026-07-01 09:21:36Z INFO ConfigurationStore] IsConfigured()
[2026-07-01 09:21:36Z INFO ConfigurationStore] IsConfigured: True
[2026-07-01 09:21:36Z INFO ConfigurationManager] Is configured: True
[2026-07-01 09:21:36Z INFO Runner] Could not parse the argument value '' for StartupType. Defaulting to Manual
[2026-07-01 09:21:36Z INFO Runner] Set runner startup type - Manual
[2026-07-01 09:21:36Z INFO CommandSettings] Flag 'once': 'False'
[2026-07-01 09:21:36Z INFO CommandSettings] Flag 'once': 'False'
[2026-07-01 09:21:36Z INFO Runner] RunAsync
[2026-07-01 09:21:36Z INFO HostContext] Well known directory 'Bin': 'D:\Naing Test\docker-practice\actions-runner\bin'
[2026-07-01 09:21:36Z INFO HostContext] Well known directory 'Root': 'D:\Naing Test\docker-practice\actions-runner'
[2026-07-01 09:21:36Z INFO HostContext] Well known directory 'Work': 'D:\Naing Test\docker-practice\actions-runner\_work'
[2026-07-01 09:21:36Z INFO Runner] Validating directory permissions for: 'D:\Naing Test\docker-practice\actions-runner\_work'
[2026-07-01 09:21:36Z INFO ConfigurationManager] LoadMigratedSettings
[2026-07-01 09:21:36Z INFO ConfigurationStore] IsMigratedConfigured()
[2026-07-01 09:21:36Z INFO ConfigurationStore] IsMigratedConfigured: False
[2026-07-01 09:21:36Z INFO Runner] Failed to load migrated settings: No migrated configuration found.
[2026-07-01 09:21:36Z INFO Runner] Falling back to original .runner settings
[2026-07-01 09:21:36Z INFO Runner] Using BrokerMessageListener
[2026-07-01 09:21:36Z INFO BrokerMessageListener] Using provided settings
[2026-07-01 09:21:36Z INFO BrokerMessageListener] {
  "AgentId": 2,
  "AgentName": "NAING",
  "PoolId": 1,
  "PoolName": "Default",
  "ServerUrl": "https://pipelinesghubeus23.actions.githubusercontent.com/mPURm3ReQ9uPNMUWphJqvt1OQZrAF5DGD1sYPodUjeC0zVPKRg/",
  "GitHubUrl": "https://github.com/NaingEvantek/helm_repo",
  "WorkFolder": "_work",
  "UseV2Flow": true,
  "ServerUrlV2": "https://broker.actions.githubusercontent.com/"
}
[2026-07-01 09:21:36Z INFO BrokerMessageListener] Loading Credentials
[2026-07-01 09:21:36Z INFO ConfigurationStore] HasCredentials()
[2026-07-01 09:21:36Z INFO ConfigurationStore] stored True
[2026-07-01 09:21:36Z INFO CredentialManager] GetCredentialProvider
[2026-07-01 09:21:36Z INFO CredentialManager] Creating type OAuth
[2026-07-01 09:21:36Z INFO CredentialManager] Creating credential type: OAuth
[2026-07-01 09:21:36Z INFO HostContext] Well known directory 'Bin': 'D:\Naing Test\docker-practice\actions-runner\bin'
[2026-07-01 09:21:36Z INFO HostContext] Well known directory 'Root': 'D:\Naing Test\docker-practice\actions-runner'
[2026-07-01 09:21:36Z INFO HostContext] Well known config file 'RSACredentials': 'D:\Naing Test\docker-practice\actions-runner\.credentials_rsaparams'
[2026-07-01 09:21:36Z INFO RSAEncryptedFileKeyManager] Loading RSA key parameters from file D:\Naing Test\docker-practice\actions-runner\.credentials_rsaparams
[2026-07-01 09:21:36Z INFO BrokerMessageListener] Attempt to create session.
[2026-07-01 09:21:36Z INFO BrokerMessageListener] Connecting to the Broker Server...
[2026-07-01 09:21:36Z INFO ConfigurationStore] HasCredentials()
[2026-07-01 09:21:36Z INFO ConfigurationStore] stored True
[2026-07-01 09:21:36Z INFO CredentialManager] GetCredentialProvider
[2026-07-01 09:21:36Z INFO CredentialManager] Creating type OAuth
[2026-07-01 09:21:36Z INFO CredentialManager] Creating credential type: OAuth
[2026-07-01 09:21:36Z INFO RSAEncryptedFileKeyManager] Loading RSA key parameters from file D:\Naing Test\docker-practice\actions-runner\.credentials_rsaparams
[2026-07-01 09:21:36Z INFO BrokerMessageListener] VssConnection created
[2026-07-01 09:21:36Z INFO BrokerMessageListener] Connecting to the Runner server...
[2026-07-01 09:21:36Z INFO RunnerServer] EstablishVssConnection
[2026-07-01 09:21:36Z INFO RunnerServer] Establish connection with 100 seconds timeout.
[2026-07-01 09:21:36Z INFO GitHubActionsService] Starting operation Location.GetConnectionData
[2026-07-01 09:21:36Z INFO RunnerServer] EstablishVssConnection
[2026-07-01 09:21:36Z INFO RunnerServer] Establish connection with 60 seconds timeout.
[2026-07-01 09:21:36Z INFO GitHubActionsService] Starting operation Location.GetConnectionData
[2026-07-01 09:21:36Z INFO RunnerServer] EstablishVssConnection
[2026-07-01 09:21:36Z INFO RunnerServer] Establish connection with 60 seconds timeout.
[2026-07-01 09:21:36Z INFO GitHubActionsService] Starting operation Location.GetConnectionData
[2026-07-01 09:21:37Z INFO GitHubActionsService] Finished operation Location.GetConnectionData
[2026-07-01 09:21:37Z INFO GitHubActionsService] Finished operation Location.GetConnectionData
[2026-07-01 09:21:37Z INFO GitHubActionsService] Finished operation Location.GetConnectionData
[2026-07-01 09:21:37Z INFO BrokerMessageListener] VssConnection created
[2026-07-01 09:21:37Z INFO Terminal] WRITE LINE: 
[2026-07-01 09:21:37Z INFO Terminal] WRITE LINE: 
[2026-07-01 09:21:37Z INFO RSAEncryptedFileKeyManager] Loading RSA key parameters from file D:\Naing Test\docker-practice\actions-runner\.credentials_rsaparams
[2026-07-01 09:21:37Z INFO RSAEncryptedFileKeyManager] Loading RSA key parameters from file D:\Naing Test\docker-practice\actions-runner\.credentials_rsaparams
[2026-07-01 09:21:38Z INFO GitHubActionsService] AAD Correlation ID for this token request: Unknown
[2026-07-01 09:21:39Z INFO BrokerMessageListener] Session created.
[2026-07-01 09:21:39Z INFO Terminal] WRITE LINE: Current runner version: '2.335.1'
[2026-07-01 09:21:39Z INFO Terminal] WRITE LINE: 2026-07-01 09:21:39Z: Listening for Jobs
[2026-07-01 09:21:39Z INFO JobDispatcher] Set runner/worker IPC timeout to 30 seconds.
[2026-07-01 09:24:43Z INFO BrokerMessageListener] Acknowledging runner request '296655d0-49b0-5b54-8a20-99cda67f1390'.
[2026-07-01 09:24:43Z INFO ConfigurationStore] HasCredentials()
[2026-07-01 09:24:43Z INFO ConfigurationStore] stored True
[2026-07-01 09:24:43Z INFO CredentialManager] GetCredentialProvider
[2026-07-01 09:24:43Z INFO CredentialManager] Creating type OAuth
[2026-07-01 09:24:43Z INFO CredentialManager] Creating credential type: OAuth
[2026-07-01 09:24:43Z INFO RSAEncryptedFileKeyManager] Loading RSA key parameters from file D:\Naing Test\docker-practice\actions-runner\.credentials_rsaparams
[2026-07-01 09:24:43Z INFO RSAEncryptedFileKeyManager] Loading RSA key parameters from file D:\Naing Test\docker-practice\actions-runner\.credentials_rsaparams
[2026-07-01 09:24:43Z INFO RSAEncryptedFileKeyManager] Loading RSA key parameters from file D:\Naing Test\docker-practice\actions-runner\.credentials_rsaparams
[2026-07-01 09:24:44Z INFO GitHubActionsService] AAD Correlation ID for this token request: Unknown
[2026-07-01 09:24:46Z INFO JobDispatcher] Job request 0 for plan e4475fd5-56d3-4e87-a3ca-5fa1ca8d7cae job 296655d0-49b0-5b54-8a20-99cda67f1390 received.
[2026-07-01 09:24:46Z INFO JobDispatcher] Pull OrchestrationId e4475fd5-56d3-4e87-a3ca-5fa1ca8d7cae.build-and-deploy.__default from JWT claims
[2026-07-01 09:24:46Z INFO BrokerMessageListener] Received job status event. JobState: Busy
[2026-07-01 09:24:46Z INFO BrokerMessageListener] _getMessagesTokenSource is already disposed.
[2026-07-01 09:24:46Z INFO Terminal] WRITE LINE: 2026-07-01 09:24:46Z: Running job: build-and-deploy
[2026-07-01 09:24:46Z INFO JobDispatcher] Start renew job request 0 for job 296655d0-49b0-5b54-8a20-99cda67f1390.
[2026-07-01 09:24:46Z INFO JobDispatcher] Successfully renew job 296655d0-49b0-5b54-8a20-99cda67f1390, job is valid till 7/1/2026 9:34:46 AM
[2026-07-01 09:24:47Z INFO HostContext] Well known directory 'Bin': 'D:\Naing Test\docker-practice\actions-runner\bin'
[2026-07-01 09:24:47Z INFO ProcessInvokerWrapper] Starting process:
[2026-07-01 09:24:47Z INFO ProcessInvokerWrapper]   File name: 'D:\Naing Test\docker-practice\actions-runner\bin\Runner.Worker.exe'
[2026-07-01 09:24:47Z INFO ProcessInvokerWrapper]   Arguments: 'spawnclient 1572 1596'
[2026-07-01 09:24:47Z INFO ProcessInvokerWrapper]   Working directory: 'D:\Naing Test\docker-practice\actions-runner\bin'
[2026-07-01 09:24:47Z INFO ProcessInvokerWrapper]   Require exit code zero: 'False'
[2026-07-01 09:24:47Z INFO ProcessInvokerWrapper]   Encoding web name:  ; code page: ''
[2026-07-01 09:24:47Z INFO ProcessInvokerWrapper]   Force kill process on cancellation: 'True'
[2026-07-01 09:24:47Z INFO ProcessInvokerWrapper]   Redirected STDIN: 'False'
[2026-07-01 09:24:47Z INFO ProcessInvokerWrapper]   Persist current code page: 'False'
[2026-07-01 09:24:47Z INFO ProcessInvokerWrapper]   Keep redirected STDIN open: 'False'
[2026-07-01 09:24:47Z INFO ProcessInvokerWrapper]   High priority process: 'True'
[2026-07-01 09:24:48Z INFO ProcessInvokerWrapper] Process started with process id 34344, waiting for process exit.
[2026-07-01 09:24:48Z INFO JobDispatcher] Send job request message to worker for job 296655d0-49b0-5b54-8a20-99cda67f1390.
[2026-07-01 09:24:48Z INFO ProcessChannel] Sending message of length 23773, with hash '50b91135641f2da56095ea98e74e804a7494f24f21e33f57f8ef1cd8ba8854be'
[2026-07-01 09:24:48Z INFO JobNotification] Entering JobStarted Notification
[2026-07-01 09:24:48Z INFO JobNotification] Entering StartMonitor
[2026-07-01 09:25:31Z INFO ProcessInvokerWrapper] STDOUT/STDERR stream read finished.
[2026-07-01 09:25:31Z INFO ProcessInvokerWrapper] STDOUT/STDERR stream read finished.
[2026-07-01 09:25:31Z INFO ProcessInvokerWrapper] Finished process 34344 with exit code 102, and elapsed time 00:00:44.2713353.
[2026-07-01 09:25:31Z INFO JobDispatcher] Worker finished for job 296655d0-49b0-5b54-8a20-99cda67f1390. Code: 102
[2026-07-01 09:25:31Z INFO JobDispatcher] finish job request for job 296655d0-49b0-5b54-8a20-99cda67f1390 with result: Failed
[2026-07-01 09:25:31Z INFO Terminal] WRITE LINE: 2026-07-01 09:25:31Z: Job build-and-deploy completed with result: Failed
[2026-07-01 09:25:31Z INFO JobDispatcher] Stop renew job request for job 296655d0-49b0-5b54-8a20-99cda67f1390.
[2026-07-01 09:25:31Z INFO JobDispatcher] job renew has been cancelled, stop renew job 296655d0-49b0-5b54-8a20-99cda67f1390.
[2026-07-01 09:25:31Z INFO JobNotification] Entering JobCompleted Notification
[2026-07-01 09:25:31Z INFO JobNotification] Entering EndMonitor
[2026-07-01 09:25:31Z INFO BrokerMessageListener] Received job status event. JobState: Online
[2026-07-01 09:25:31Z WARN GitHubActionsService] GET request to https://broker.actions.githubusercontent.com/message?sessionId=72320aa3-305f-4eec-b42f-4c17178a306c&status=Busy&runnerVersion=2.335.1&os=Windows&architecture=X64&disableUpdate=false has been cancelled.
[2026-07-01 09:25:31Z ERR  BrokerServer] Catch exception during request
[2026-07-01 09:25:31Z ERR  BrokerServer] System.Threading.Tasks.TaskCanceledException: The operation was canceled.
 ---> System.Threading.Tasks.TaskCanceledException: The operation was canceled.
 ---> System.IO.IOException: Unable to read data from the transport connection: The I/O operation has been aborted because of either a thread exit or an application request..
 ---> System.Net.Sockets.SocketException (995): The I/O operation has been aborted because of either a thread exit or an application request.
   --- End of inner exception stack trace ---
   at System.Net.Sockets.Socket.AwaitableSocketAsyncEventArgs.ThrowException(SocketError error, CancellationToken cancellationToken)
   at System.Net.Sockets.Socket.AwaitableSocketAsyncEventArgs.System.Threading.Tasks.Sources.IValueTaskSource<System.Int32>.GetResult(Int16 token)
   at System.Net.Security.SslStream.EnsureFullTlsFrameAsync[TIOAdapter](CancellationToken cancellationToken, Int32 estimatedSize)
   at System.Runtime.CompilerServices.PoolingAsyncValueTaskMethodBuilder`1.StateMachineBox`1.System.Threading.Tasks.Sources.IValueTaskSource<TResult>.GetResult(Int16 token)
   at System.Net.Security.SslStream.ReadAsyncInternal[TIOAdapter](Memory`1 buffer, CancellationToken cancellationToken)
   at System.Runtime.CompilerServices.PoolingAsyncValueTaskMethodBuilder`1.StateMachineBox`1.System.Threading.Tasks.Sources.IValueTaskSource<TResult>.GetResult(Int16 token)
   at System.Net.Http.HttpConnection.SendAsync(HttpRequestMessage request, Boolean async, CancellationToken cancellationToken)
   --- End of inner exception stack trace ---
   at System.Net.Http.HttpConnection.SendAsync(HttpRequestMessage request, Boolean async, CancellationToken cancellationToken)
   at System.Net.Http.AuthenticationHelper.SendWithNtAuthAsync(HttpRequestMessage request, Uri authUri, Boolean async, ICredentials credentials, Boolean isProxyAuth, HttpConnection connection, HttpConnectionPool connectionPool, CancellationToken cancellationToken)
   at System.Net.Http.HttpConnectionPool.SendWithVersionDetectionAndRetryAsync(HttpRequestMessage request, Boolean async, Boolean doRequestAuth, CancellationToken cancellationToken)
   at System.Net.Http.AuthenticationHelper.SendWithAuthAsync(HttpRequestMessage request, Uri authUri, Boolean async, ICredentials credentials, Boolean preAuthenticate, Boolean isProxyAuth, Boolean doRequestAuth, HttpConnectionPool pool, CancellationToken cancellationToken)
   at System.Net.Http.RedirectHandler.SendAsync(HttpRequestMessage request, Boolean async, CancellationToken cancellationToken)
   at GitHub.Services.Common.RawHttpMessageHandler.SendAsync(HttpRequestMessage request, CancellationToken cancellationToken)
   at GitHub.Services.Common.VssHttpRetryMessageHandler.SendAsync(HttpRequestMessage request, CancellationToken cancellationToken)
   at System.Net.Http.HttpClient.<SendAsync>g__Core|83_0(HttpRequestMessage request, HttpCompletionOption completionOption, CancellationTokenSource cts, Boolean disposeCts, CancellationTokenSource pendingRequestsCts, CancellationToken originalCancellationToken)
   --- End of inner exception stack trace ---
   at System.Net.Http.HttpClient.HandleFailure(Exception e, Boolean telemetryStarted, HttpResponseMessage response, CancellationTokenSource cts, CancellationToken cancellationToken, CancellationTokenSource pendingRequestsCts)
   at System.Net.Http.HttpClient.<SendAsync>g__Core|83_0(HttpRequestMessage request, HttpCompletionOption completionOption, CancellationTokenSource cts, Boolean disposeCts, CancellationTokenSource pendingRequestsCts, CancellationToken originalCancellationToken)
   at Sdk.WebApi.WebApi.RawHttpClientBase.SendAsync(HttpRequestMessage message, HttpCompletionOption completionOption, Object userState, CancellationToken cancellationToken)
   at Sdk.WebApi.WebApi.RawHttpClientBase.SendAsync[T](HttpRequestMessage message, Boolean readErrorBody, Object userState, CancellationToken cancellationToken)
   at Sdk.WebApi.WebApi.RawHttpClientBase.SendAsync[T](HttpMethod method, IEnumerable`1 additionalHeaders, Uri requestUri, HttpContent content, IEnumerable`1 queryParameters, Boolean readErrorBody, Object userState, CancellationToken cancellationToken)
   at GitHub.Actions.RunService.WebApi.BrokerHttpClient.GetRunnerMessageAsync(Nullable`1 sessionId, String runnerVersion, Nullable`1 status, String os, String architecture, Nullable`1 disableUpdate, CancellationToken cancellationToken)
   at GitHub.Runner.Common.BrokerServer.<>c__DisplayClass7_0.<<GetRunnerMessageAsync>b__0>d.MoveNext()
--- End of stack trace from previous location ---
   at GitHub.Runner.Common.RunnerService.RetryRequest[T](Func`1 func, CancellationToken cancellationToken, Int32 maxAttempts, Func`2 shouldRetry)
[2026-07-01 09:25:31Z ERR  BrokerServer] #####################################################
[2026-07-01 09:25:31Z ERR  BrokerServer] System.Threading.Tasks.TaskCanceledException: The operation was canceled.
 ---> System.IO.IOException: Unable to read data from the transport connection: The I/O operation has been aborted because of either a thread exit or an application request..
 ---> System.Net.Sockets.SocketException (995): The I/O operation has been aborted because of either a thread exit or an application request.
   --- End of inner exception stack trace ---
   at System.Net.Sockets.Socket.AwaitableSocketAsyncEventArgs.ThrowException(SocketError error, CancellationToken cancellationToken)
   at System.Net.Sockets.Socket.AwaitableSocketAsyncEventArgs.System.Threading.Tasks.Sources.IValueTaskSource<System.Int32>.GetResult(Int16 token)
   at System.Net.Security.SslStream.EnsureFullTlsFrameAsync[TIOAdapter](CancellationToken cancellationToken, Int32 estimatedSize)
   at System.Runtime.CompilerServices.PoolingAsyncValueTaskMethodBuilder`1.StateMachineBox`1.System.Threading.Tasks.Sources.IValueTaskSource<TResult>.GetResult(Int16 token)
   at System.Net.Security.SslStream.ReadAsyncInternal[TIOAdapter](Memory`1 buffer, CancellationToken cancellationToken)
   at System.Runtime.CompilerServices.PoolingAsyncValueTaskMethodBuilder`1.StateMachineBox`1.System.Threading.Tasks.Sources.IValueTaskSource<TResult>.GetResult(Int16 token)
   at System.Net.Http.HttpConnection.SendAsync(HttpRequestMessage request, Boolean async, CancellationToken cancellationToken)
   --- End of inner exception stack trace ---
   at System.Net.Http.HttpConnection.SendAsync(HttpRequestMessage request, Boolean async, CancellationToken cancellationToken)
   at System.Net.Http.AuthenticationHelper.SendWithNtAuthAsync(HttpRequestMessage request, Uri authUri, Boolean async, ICredentials credentials, Boolean isProxyAuth, HttpConnection connection, HttpConnectionPool connectionPool, CancellationToken cancellationToken)
   at System.Net.Http.HttpConnectionPool.SendWithVersionDetectionAndRetryAsync(HttpRequestMessage request, Boolean async, Boolean doRequestAuth, CancellationToken cancellationToken)
   at System.Net.Http.AuthenticationHelper.SendWithAuthAsync(HttpRequestMessage request, Uri authUri, Boolean async, ICredentials credentials, Boolean preAuthenticate, Boolean isProxyAuth, Boolean doRequestAuth, HttpConnectionPool pool, CancellationToken cancellationToken)
   at System.Net.Http.RedirectHandler.SendAsync(HttpRequestMessage request, Boolean async, CancellationToken cancellationToken)
   at GitHub.Services.Common.RawHttpMessageHandler.SendAsync(HttpRequestMessage request, CancellationToken cancellationToken)
   at GitHub.Services.Common.VssHttpRetryMessageHandler.SendAsync(HttpRequestMessage request, CancellationToken cancellationToken)
   at System.Net.Http.HttpClient.<SendAsync>g__Core|83_0(HttpRequestMessage request, HttpCompletionOption completionOption, CancellationTokenSource cts, Boolean disposeCts, CancellationTokenSource pendingRequestsCts, CancellationToken originalCancellationToken)
[2026-07-01 09:25:31Z ERR  BrokerServer] #####################################################
[2026-07-01 09:25:31Z ERR  BrokerServer] System.IO.IOException: Unable to read data from the transport connection: The I/O operation has been aborted because of either a thread exit or an application request..
 ---> System.Net.Sockets.SocketException (995): The I/O operation has been aborted because of either a thread exit or an application request.
   --- End of inner exception stack trace ---
   at System.Net.Sockets.Socket.AwaitableSocketAsyncEventArgs.ThrowException(SocketError error, CancellationToken cancellationToken)
   at System.Net.Sockets.Socket.AwaitableSocketAsyncEventArgs.System.Threading.Tasks.Sources.IValueTaskSource<System.Int32>.GetResult(Int16 token)
   at System.Net.Security.SslStream.EnsureFullTlsFrameAsync[TIOAdapter](CancellationToken cancellationToken, Int32 estimatedSize)
   at System.Runtime.CompilerServices.PoolingAsyncValueTaskMethodBuilder`1.StateMachineBox`1.System.Threading.Tasks.Sources.IValueTaskSource<TResult>.GetResult(Int16 token)
   at System.Net.Security.SslStream.ReadAsyncInternal[TIOAdapter](Memory`1 buffer, CancellationToken cancellationToken)
   at System.Runtime.CompilerServices.PoolingAsyncValueTaskMethodBuilder`1.StateMachineBox`1.System.Threading.Tasks.Sources.IValueTaskSource<TResult>.GetResult(Int16 token)
   at System.Net.Http.HttpConnection.SendAsync(HttpRequestMessage request, Boolean async, CancellationToken cancellationToken)
[2026-07-01 09:25:31Z ERR  BrokerServer] #####################################################
[2026-07-01 09:25:31Z ERR  BrokerServer] System.Net.Sockets.SocketException (995): The I/O operation has been aborted because of either a thread exit or an application request.
[2026-07-01 09:25:31Z WARN BrokerServer] Back off 8.578 seconds before next retry. 4 attempt left.
[2026-07-01 09:25:31Z INFO BrokerMessageListener] Get messages has been cancelled using local token source. Continue to get messages with new status.
[2026-07-01 09:28:10Z INFO BrokerMessageListener] Acknowledging runner request 'a2c36185-1c35-5733-9c7b-a4520f51d0e1'.
[2026-07-01 09:28:10Z INFO ConfigurationStore] HasCredentials()
[2026-07-01 09:28:10Z INFO ConfigurationStore] stored True
[2026-07-01 09:28:10Z INFO CredentialManager] GetCredentialProvider
[2026-07-01 09:28:10Z INFO CredentialManager] Creating type OAuth
[2026-07-01 09:28:10Z INFO CredentialManager] Creating credential type: OAuth
[2026-07-01 09:28:10Z INFO RSAEncryptedFileKeyManager] Loading RSA key parameters from file D:\Naing Test\docker-practice\actions-runner\.credentials_rsaparams
[2026-07-01 09:28:10Z INFO RSAEncryptedFileKeyManager] Loading RSA key parameters from file D:\Naing Test\docker-practice\actions-runner\.credentials_rsaparams
[2026-07-01 09:28:10Z INFO RSAEncryptedFileKeyManager] Loading RSA key parameters from file D:\Naing Test\docker-practice\actions-runner\.credentials_rsaparams
[2026-07-01 09:28:11Z INFO GitHubActionsService] AAD Correlation ID for this token request: Unknown
[2026-07-01 09:28:12Z INFO JobDispatcher] Job request 0 for plan f5add5a6-bdbc-47ab-9340-56bd680c2b7b job a2c36185-1c35-5733-9c7b-a4520f51d0e1 received.
[2026-07-01 09:28:12Z INFO JobDispatcher] Pull OrchestrationId f5add5a6-bdbc-47ab-9340-56bd680c2b7b.build-and-deploy.__default from JWT claims
[2026-07-01 09:28:12Z INFO BrokerMessageListener] Received job status event. JobState: Busy
[2026-07-01 09:28:12Z INFO BrokerMessageListener] _getMessagesTokenSource is already disposed.
[2026-07-01 09:28:12Z INFO JobDispatcher] Job request 296655d0-49b0-5b54-8a20-99cda67f1390 processed succeed.
[2026-07-01 09:28:12Z INFO Terminal] WRITE LINE: 2026-07-01 09:28:12Z: Running job: build-and-deploy
[2026-07-01 09:28:12Z INFO JobDispatcher] Start renew job request 0 for job a2c36185-1c35-5733-9c7b-a4520f51d0e1.
[2026-07-01 09:28:13Z INFO JobDispatcher] Successfully renew job a2c36185-1c35-5733-9c7b-a4520f51d0e1, job is valid till 7/1/2026 9:38:13 AM
[2026-07-01 09:28:13Z INFO HostContext] Well known directory 'Bin': 'D:\Naing Test\docker-practice\actions-runner\bin'
[2026-07-01 09:28:13Z INFO ProcessInvokerWrapper] Starting process:
[2026-07-01 09:28:13Z INFO ProcessInvokerWrapper]   File name: 'D:\Naing Test\docker-practice\actions-runner\bin\Runner.Worker.exe'
[2026-07-01 09:28:13Z INFO ProcessInvokerWrapper]   Arguments: 'spawnclient 1780 1692'
[2026-07-01 09:28:13Z INFO ProcessInvokerWrapper]   Working directory: 'D:\Naing Test\docker-practice\actions-runner\bin'
[2026-07-01 09:28:13Z INFO ProcessInvokerWrapper]   Require exit code zero: 'False'
[2026-07-01 09:28:13Z INFO ProcessInvokerWrapper]   Encoding web name:  ; code page: ''
[2026-07-01 09:28:13Z INFO ProcessInvokerWrapper]   Force kill process on cancellation: 'True'
[2026-07-01 09:28:13Z INFO ProcessInvokerWrapper]   Redirected STDIN: 'False'
[2026-07-01 09:28:13Z INFO ProcessInvokerWrapper]   Persist current code page: 'False'
[2026-07-01 09:28:13Z INFO ProcessInvokerWrapper]   Keep redirected STDIN open: 'False'
[2026-07-01 09:28:13Z INFO ProcessInvokerWrapper]   High priority process: 'True'
[2026-07-01 09:28:13Z INFO ProcessInvokerWrapper] Process started with process id 10604, waiting for process exit.
[2026-07-01 09:28:13Z INFO JobDispatcher] Send job request message to worker for job a2c36185-1c35-5733-9c7b-a4520f51d0e1.
[2026-07-01 09:28:13Z INFO ProcessChannel] Sending message of length 24349, with hash '2283db8a4d29773023f5bf6a8568036bce5a9ccce8f06f22049881dd1ca2429d'
[2026-07-01 09:28:13Z INFO JobNotification] Entering JobStarted Notification
[2026-07-01 09:28:13Z INFO JobNotification] Entering StartMonitor
[2026-07-01 09:28:35Z INFO ProcessInvokerWrapper] STDOUT/STDERR stream read finished.
[2026-07-01 09:28:35Z INFO ProcessInvokerWrapper] STDOUT/STDERR stream read finished.
[2026-07-01 09:28:35Z INFO ProcessInvokerWrapper] Finished process 10604 with exit code 102, and elapsed time 00:00:22.5902453.
[2026-07-01 09:28:35Z INFO JobDispatcher] Worker finished for job a2c36185-1c35-5733-9c7b-a4520f51d0e1. Code: 102
[2026-07-01 09:28:35Z INFO JobDispatcher] finish job request for job a2c36185-1c35-5733-9c7b-a4520f51d0e1 with result: Failed
[2026-07-01 09:28:35Z INFO Terminal] WRITE LINE: 2026-07-01 09:28:35Z: Job build-and-deploy completed with result: Failed
[2026-07-01 09:28:35Z INFO JobDispatcher] Stop renew job request for job a2c36185-1c35-5733-9c7b-a4520f51d0e1.
[2026-07-01 09:28:35Z INFO JobDispatcher] job renew has been cancelled, stop renew job a2c36185-1c35-5733-9c7b-a4520f51d0e1.
[2026-07-01 09:28:35Z INFO JobNotification] Entering JobCompleted Notification
[2026-07-01 09:28:35Z INFO JobNotification] Entering EndMonitor
[2026-07-01 09:28:35Z INFO BrokerMessageListener] Received job status event. JobState: Online
[2026-07-01 09:28:35Z WARN GitHubActionsService] GET request to https://broker.actions.githubusercontent.com/message?sessionId=72320aa3-305f-4eec-b42f-4c17178a306c&status=Busy&runnerVersion=2.335.1&os=Windows&architecture=X64&disableUpdate=false has been cancelled.
[2026-07-01 09:28:35Z ERR  BrokerServer] Catch exception during request
[2026-07-01 09:28:35Z ERR  BrokerServer] System.Threading.Tasks.TaskCanceledException: The operation was canceled.
 ---> System.Threading.Tasks.TaskCanceledException: The operation was canceled.
 ---> System.IO.IOException: Unable to read data from the transport connection: The I/O operation has been aborted because of either a thread exit or an application request..
 ---> System.Net.Sockets.SocketException (995): The I/O operation has been aborted because of either a thread exit or an application request.
   --- End of inner exception stack trace ---
   at System.Net.Sockets.Socket.AwaitableSocketAsyncEventArgs.System.Threading.Tasks.Sources.IValueTaskSource<System.Int32>.GetResult(Int16 token)
   at System.Net.Security.SslStream.EnsureFullTlsFrameAsync[TIOAdapter](CancellationToken cancellationToken, Int32 estimatedSize)
   at System.Runtime.CompilerServices.PoolingAsyncValueTaskMethodBuilder`1.StateMachineBox`1.System.Threading.Tasks.Sources.IValueTaskSource<TResult>.GetResult(Int16 token)
   at System.Net.Security.SslStream.ReadAsyncInternal[TIOAdapter](Memory`1 buffer, CancellationToken cancellationToken)
   at System.Runtime.CompilerServices.PoolingAsyncValueTaskMethodBuilder`1.StateMachineBox`1.System.Threading.Tasks.Sources.IValueTaskSource<TResult>.GetResult(Int16 token)
   at System.Net.Http.HttpConnection.SendAsync(HttpRequestMessage request, Boolean async, CancellationToken cancellationToken)
   --- End of inner exception stack trace ---
   at System.Net.Http.HttpConnection.SendAsync(HttpRequestMessage request, Boolean async, CancellationToken cancellationToken)
   at System.Net.Http.AuthenticationHelper.SendWithNtAuthAsync(HttpRequestMessage request, Uri authUri, Boolean async, ICredentials credentials, Boolean isProxyAuth, HttpConnection connection, HttpConnectionPool connectionPool, CancellationToken cancellationToken)
   at System.Net.Http.HttpConnectionPool.SendWithVersionDetectionAndRetryAsync(HttpRequestMessage request, Boolean async, Boolean doRequestAuth, CancellationToken cancellationToken)
   at System.Net.Http.AuthenticationHelper.SendWithAuthAsync(HttpRequestMessage request, Uri authUri, Boolean async, ICredentials credentials, Boolean preAuthenticate, Boolean isProxyAuth, Boolean doRequestAuth, HttpConnectionPool pool, CancellationToken cancellationToken)
   at System.Net.Http.RedirectHandler.SendAsync(HttpRequestMessage request, Boolean async, CancellationToken cancellationToken)
   at GitHub.Services.Common.RawHttpMessageHandler.SendAsync(HttpRequestMessage request, CancellationToken cancellationToken)
   at GitHub.Services.Common.VssHttpRetryMessageHandler.SendAsync(HttpRequestMessage request, CancellationToken cancellationToken)
   at System.Net.Http.HttpClient.<SendAsync>g__Core|83_0(HttpRequestMessage request, HttpCompletionOption completionOption, CancellationTokenSource cts, Boolean disposeCts, CancellationTokenSource pendingRequestsCts, CancellationToken originalCancellationToken)
   --- End of inner exception stack trace ---
   at System.Net.Http.HttpClient.HandleFailure(Exception e, Boolean telemetryStarted, HttpResponseMessage response, CancellationTokenSource cts, CancellationToken cancellationToken, CancellationTokenSource pendingRequestsCts)
   at System.Net.Http.HttpClient.<SendAsync>g__Core|83_0(HttpRequestMessage request, HttpCompletionOption completionOption, CancellationTokenSource cts, Boolean disposeCts, CancellationTokenSource pendingRequestsCts, CancellationToken originalCancellationToken)
   at Sdk.WebApi.WebApi.RawHttpClientBase.SendAsync(HttpRequestMessage message, HttpCompletionOption completionOption, Object userState, CancellationToken cancellationToken)
   at Sdk.WebApi.WebApi.RawHttpClientBase.SendAsync[T](HttpRequestMessage message, Boolean readErrorBody, Object userState, CancellationToken cancellationToken)
   at Sdk.WebApi.WebApi.RawHttpClientBase.SendAsync[T](HttpMethod method, IEnumerable`1 additionalHeaders, Uri requestUri, HttpContent content, IEnumerable`1 queryParameters, Boolean readErrorBody, Object userState, CancellationToken cancellationToken)
   at GitHub.Actions.RunService.WebApi.BrokerHttpClient.GetRunnerMessageAsync(Nullable`1 sessionId, String runnerVersion, Nullable`1 status, String os, String architecture, Nullable`1 disableUpdate, CancellationToken cancellationToken)
   at GitHub.Runner.Common.BrokerServer.<>c__DisplayClass7_0.<<GetRunnerMessageAsync>b__0>d.MoveNext()
--- End of stack trace from previous location ---
   at GitHub.Runner.Common.RunnerService.RetryRequest[T](Func`1 func, CancellationToken cancellationToken, Int32 maxAttempts, Func`2 shouldRetry)
[2026-07-01 09:28:35Z ERR  BrokerServer] #####################################################
[2026-07-01 09:28:35Z ERR  BrokerServer] System.Threading.Tasks.TaskCanceledException: The operation was canceled.
 ---> System.IO.IOException: Unable to read data from the transport connection: The I/O operation has been aborted because of either a thread exit or an application request..
 ---> System.Net.Sockets.SocketException (995): The I/O operation has been aborted because of either a thread exit or an application request.
   --- End of inner exception stack trace ---
   at System.Net.Sockets.Socket.AwaitableSocketAsyncEventArgs.System.Threading.Tasks.Sources.IValueTaskSource<System.Int32>.GetResult(Int16 token)
   at System.Net.Security.SslStream.EnsureFullTlsFrameAsync[TIOAdapter](CancellationToken cancellationToken, Int32 estimatedSize)
   at System.Runtime.CompilerServices.PoolingAsyncValueTaskMethodBuilder`1.StateMachineBox`1.System.Threading.Tasks.Sources.IValueTaskSource<TResult>.GetResult(Int16 token)
   at System.Net.Security.SslStream.ReadAsyncInternal[TIOAdapter](Memory`1 buffer, CancellationToken cancellationToken)
   at System.Runtime.CompilerServices.PoolingAsyncValueTaskMethodBuilder`1.StateMachineBox`1.System.Threading.Tasks.Sources.IValueTaskSource<TResult>.GetResult(Int16 token)
   at System.Net.Http.HttpConnection.SendAsync(HttpRequestMessage request, Boolean async, CancellationToken cancellationToken)
   --- End of inner exception stack trace ---
   at System.Net.Http.HttpConnection.SendAsync(HttpRequestMessage request, Boolean async, CancellationToken cancellationToken)
   at System.Net.Http.AuthenticationHelper.SendWithNtAuthAsync(HttpRequestMessage request, Uri authUri, Boolean async, ICredentials credentials, Boolean isProxyAuth, HttpConnection connection, HttpConnectionPool connectionPool, CancellationToken cancellationToken)
   at System.Net.Http.HttpConnectionPool.SendWithVersionDetectionAndRetryAsync(HttpRequestMessage request, Boolean async, Boolean doRequestAuth, CancellationToken cancellationToken)
   at System.Net.Http.AuthenticationHelper.SendWithAuthAsync(HttpRequestMessage request, Uri authUri, Boolean async, ICredentials credentials, Boolean preAuthenticate, Boolean isProxyAuth, Boolean doRequestAuth, HttpConnectionPool pool, CancellationToken cancellationToken)
   at System.Net.Http.RedirectHandler.SendAsync(HttpRequestMessage request, Boolean async, CancellationToken cancellationToken)
   at GitHub.Services.Common.RawHttpMessageHandler.SendAsync(HttpRequestMessage request, CancellationToken cancellationToken)
   at GitHub.Services.Common.VssHttpRetryMessageHandler.SendAsync(HttpRequestMessage request, CancellationToken cancellationToken)
   at System.Net.Http.HttpClient.<SendAsync>g__Core|83_0(HttpRequestMessage request, HttpCompletionOption completionOption, CancellationTokenSource cts, Boolean disposeCts, CancellationTokenSource pendingRequestsCts, CancellationToken originalCancellationToken)
[2026-07-01 09:28:35Z ERR  BrokerServer] #####################################################
[2026-07-01 09:28:35Z ERR  BrokerServer] System.IO.IOException: Unable to read data from the transport connection: The I/O operation has been aborted because of either a thread exit or an application request..
 ---> System.Net.Sockets.SocketException (995): The I/O operation has been aborted because of either a thread exit or an application request.
   --- End of inner exception stack trace ---
   at System.Net.Sockets.Socket.AwaitableSocketAsyncEventArgs.System.Threading.Tasks.Sources.IValueTaskSource<System.Int32>.GetResult(Int16 token)
   at System.Net.Security.SslStream.EnsureFullTlsFrameAsync[TIOAdapter](CancellationToken cancellationToken, Int32 estimatedSize)
   at System.Runtime.CompilerServices.PoolingAsyncValueTaskMethodBuilder`1.StateMachineBox`1.System.Threading.Tasks.Sources.IValueTaskSource<TResult>.GetResult(Int16 token)
   at System.Net.Security.SslStream.ReadAsyncInternal[TIOAdapter](Memory`1 buffer, CancellationToken cancellationToken)
   at System.Runtime.CompilerServices.PoolingAsyncValueTaskMethodBuilder`1.StateMachineBox`1.System.Threading.Tasks.Sources.IValueTaskSource<TResult>.GetResult(Int16 token)
   at System.Net.Http.HttpConnection.SendAsync(HttpRequestMessage request, Boolean async, CancellationToken cancellationToken)
[2026-07-01 09:28:35Z ERR  BrokerServer] #####################################################
[2026-07-01 09:28:35Z ERR  BrokerServer] System.Net.Sockets.SocketException (995): The I/O operation has been aborted because of either a thread exit or an application request.
[2026-07-01 09:28:35Z WARN BrokerServer] Back off 12.004 seconds before next retry. 4 attempt left.
[2026-07-01 09:28:35Z INFO BrokerMessageListener] Get messages has been cancelled using local token source. Continue to get messages with new status.
[2026-07-01 09:30:41Z INFO HostContext] Runner will be shutdown for UserCancelled
[2026-07-01 09:30:41Z WARN GitHubActionsService] GET request to https://broker.actions.githubusercontent.com/message?sessionId=72320aa3-305f-4eec-b42f-4c17178a306c&status=Online&runnerVersion=2.335.1&os=Windows&architecture=X64&disableUpdate=false has been cancelled.
[2026-07-01 09:30:41Z ERR  BrokerServer] Catch exception during request
[2026-07-01 09:30:41Z ERR  BrokerServer] System.Threading.Tasks.TaskCanceledException: The operation was canceled.
 ---> System.Threading.Tasks.TaskCanceledException: The operation was canceled.
 ---> System.IO.IOException: Unable to read data from the transport connection: The I/O operation has been aborted because of either a thread exit or an application request..
 ---> System.Net.Sockets.SocketException (995): The I/O operation has been aborted because of either a thread exit or an application request.
   --- End of inner exception stack trace ---
   at System.Net.Sockets.Socket.AwaitableSocketAsyncEventArgs.System.Threading.Tasks.Sources.IValueTaskSource<System.Int32>.GetResult(Int16 token)
   at System.Net.Security.SslStream.EnsureFullTlsFrameAsync[TIOAdapter](CancellationToken cancellationToken, Int32 estimatedSize)
   at System.Runtime.CompilerServices.PoolingAsyncValueTaskMethodBuilder`1.StateMachineBox`1.System.Threading.Tasks.Sources.IValueTaskSource<TResult>.GetResult(Int16 token)
   at System.Net.Security.SslStream.ReadAsyncInternal[TIOAdapter](Memory`1 buffer, CancellationToken cancellationToken)
   at System.Runtime.CompilerServices.PoolingAsyncValueTaskMethodBuilder`1.StateMachineBox`1.System.Threading.Tasks.Sources.IValueTaskSource<TResult>.GetResult(Int16 token)
   at System.Net.Http.HttpConnection.SendAsync(HttpRequestMessage request, Boolean async, CancellationToken cancellationToken)
   --- End of inner exception stack trace ---
   at System.Net.Http.HttpConnection.SendAsync(HttpRequestMessage request, Boolean async, CancellationToken cancellationToken)
   at System.Net.Http.AuthenticationHelper.SendWithNtAuthAsync(HttpRequestMessage request, Uri authUri, Boolean async, ICredentials credentials, Boolean isProxyAuth, HttpConnection connection, HttpConnectionPool connectionPool, CancellationToken cancellationToken)
   at System.Net.Http.HttpConnectionPool.SendWithVersionDetectionAndRetryAsync(HttpRequestMessage request, Boolean async, Boolean doRequestAuth, CancellationToken cancellationToken)
   at System.Net.Http.AuthenticationHelper.SendWithAuthAsync(HttpRequestMessage request, Uri authUri, Boolean async, ICredentials credentials, Boolean preAuthenticate, Boolean isProxyAuth, Boolean doRequestAuth, HttpConnectionPool pool, CancellationToken cancellationToken)
   at System.Net.Http.RedirectHandler.SendAsync(HttpRequestMessage request, Boolean async, CancellationToken cancellationToken)
   at GitHub.Services.Common.RawHttpMessageHandler.SendAsync(HttpRequestMessage request, CancellationToken cancellationToken)
   at GitHub.Services.Common.VssHttpRetryMessageHandler.SendAsync(HttpRequestMessage request, CancellationToken cancellationToken)
   at System.Net.Http.HttpClient.<SendAsync>g__Core|83_0(HttpRequestMessage request, HttpCompletionOption completionOption, CancellationTokenSource cts, Boolean disposeCts, CancellationTokenSource pendingRequestsCts, CancellationToken originalCancellationToken)
   --- End of inner exception stack trace ---
   at System.Net.Http.HttpClient.HandleFailure(Exception e, Boolean telemetryStarted, HttpResponseMessage response, CancellationTokenSource cts, CancellationToken cancellationToken, CancellationTokenSource pendingRequestsCts)
   at System.Net.Http.HttpClient.<SendAsync>g__Core|83_0(HttpRequestMessage request, HttpCompletionOption completionOption, CancellationTokenSource cts, Boolean disposeCts, CancellationTokenSource pendingRequestsCts, CancellationToken originalCancellationToken)
   at Sdk.WebApi.WebApi.RawHttpClientBase.SendAsync(HttpRequestMessage message, HttpCompletionOption completionOption, Object userState, CancellationToken cancellationToken)
   at Sdk.WebApi.WebApi.RawHttpClientBase.SendAsync[T](HttpRequestMessage message, Boolean readErrorBody, Object userState, CancellationToken cancellationToken)
   at Sdk.WebApi.WebApi.RawHttpClientBase.SendAsync[T](HttpMethod method, IEnumerable`1 additionalHeaders, Uri requestUri, HttpContent content, IEnumerable`1 queryParameters, Boolean readErrorBody, Object userState, CancellationToken cancellationToken)
   at GitHub.Actions.RunService.WebApi.BrokerHttpClient.GetRunnerMessageAsync(Nullable`1 sessionId, String runnerVersion, Nullable`1 status, String os, String architecture, Nullable`1 disableUpdate, CancellationToken cancellationToken)
   at GitHub.Runner.Common.BrokerServer.<>c__DisplayClass7_0.<<GetRunnerMessageAsync>b__0>d.MoveNext()
--- End of stack trace from previous location ---
   at GitHub.Runner.Common.RunnerService.RetryRequest[T](Func`1 func, CancellationToken cancellationToken, Int32 maxAttempts, Func`2 shouldRetry)
[2026-07-01 09:30:41Z ERR  BrokerServer] #####################################################
[2026-07-01 09:30:41Z ERR  BrokerServer] System.Threading.Tasks.TaskCanceledException: The operation was canceled.
 ---> System.IO.IOException: Unable to read data from the transport connection: The I/O operation has been aborted because of either a thread exit or an application request..
 ---> System.Net.Sockets.SocketException (995): The I/O operation has been aborted because of either a thread exit or an application request.
   --- End of inner exception stack trace ---
   at System.Net.Sockets.Socket.AwaitableSocketAsyncEventArgs.System.Threading.Tasks.Sources.IValueTaskSource<System.Int32>.GetResult(Int16 token)
   at System.Net.Security.SslStream.EnsureFullTlsFrameAsync[TIOAdapter](CancellationToken cancellationToken, Int32 estimatedSize)
   at System.Runtime.CompilerServices.PoolingAsyncValueTaskMethodBuilder`1.StateMachineBox`1.System.Threading.Tasks.Sources.IValueTaskSource<TResult>.GetResult(Int16 token)
   at System.Net.Security.SslStream.ReadAsyncInternal[TIOAdapter](Memory`1 buffer, CancellationToken cancellationToken)
   at System.Runtime.CompilerServices.PoolingAsyncValueTaskMethodBuilder`1.StateMachineBox`1.System.Threading.Tasks.Sources.IValueTaskSource<TResult>.GetResult(Int16 token)
   at System.Net.Http.HttpConnection.SendAsync(HttpRequestMessage request, Boolean async, CancellationToken cancellationToken)
   --- End of inner exception stack trace ---
   at System.Net.Http.HttpConnection.SendAsync(HttpRequestMessage request, Boolean async, CancellationToken cancellationToken)
   at System.Net.Http.AuthenticationHelper.SendWithNtAuthAsync(HttpRequestMessage request, Uri authUri, Boolean async, ICredentials credentials, Boolean isProxyAuth, HttpConnection connection, HttpConnectionPool connectionPool, CancellationToken cancellationToken)
   at System.Net.Http.HttpConnectionPool.SendWithVersionDetectionAndRetryAsync(HttpRequestMessage request, Boolean async, Boolean doRequestAuth, CancellationToken cancellationToken)
   at System.Net.Http.AuthenticationHelper.SendWithAuthAsync(HttpRequestMessage request, Uri authUri, Boolean async, ICredentials credentials, Boolean preAuthenticate, Boolean isProxyAuth, Boolean doRequestAuth, HttpConnectionPool pool, CancellationToken cancellationToken)
   at System.Net.Http.RedirectHandler.SendAsync(HttpRequestMessage request, Boolean async, CancellationToken cancellationToken)
   at GitHub.Services.Common.RawHttpMessageHandler.SendAsync(HttpRequestMessage request, CancellationToken cancellationToken)
   at GitHub.Services.Common.VssHttpRetryMessageHandler.SendAsync(HttpRequestMessage request, CancellationToken cancellationToken)
   at System.Net.Http.HttpClient.<SendAsync>g__Core|83_0(HttpRequestMessage request, HttpCompletionOption completionOption, CancellationTokenSource cts, Boolean disposeCts, CancellationTokenSource pendingRequestsCts, CancellationToken originalCancellationToken)
[2026-07-01 09:30:41Z ERR  BrokerServer] #####################################################
[2026-07-01 09:30:41Z ERR  BrokerServer] System.IO.IOException: Unable to read data from the transport connection: The I/O operation has been aborted because of either a thread exit or an application request..
 ---> System.Net.Sockets.SocketException (995): The I/O operation has been aborted because of either a thread exit or an application request.
   --- End of inner exception stack trace ---
   at System.Net.Sockets.Socket.AwaitableSocketAsyncEventArgs.System.Threading.Tasks.Sources.IValueTaskSource<System.Int32>.GetResult(Int16 token)
   at System.Net.Security.SslStream.EnsureFullTlsFrameAsync[TIOAdapter](CancellationToken cancellationToken, Int32 estimatedSize)
   at System.Runtime.CompilerServices.PoolingAsyncValueTaskMethodBuilder`1.StateMachineBox`1.System.Threading.Tasks.Sources.IValueTaskSource<TResult>.GetResult(Int16 token)
   at System.Net.Security.SslStream.ReadAsyncInternal[TIOAdapter](Memory`1 buffer, CancellationToken cancellationToken)
   at System.Runtime.CompilerServices.PoolingAsyncValueTaskMethodBuilder`1.StateMachineBox`1.System.Threading.Tasks.Sources.IValueTaskSource<TResult>.GetResult(Int16 token)
   at System.Net.Http.HttpConnection.SendAsync(HttpRequestMessage request, Boolean async, CancellationToken cancellationToken)
[2026-07-01 09:30:41Z ERR  BrokerServer] #####################################################
[2026-07-01 09:30:41Z ERR  BrokerServer] System.Net.Sockets.SocketException (995): The I/O operation has been aborted because of either a thread exit or an application request.
[2026-07-01 09:30:41Z WARN BrokerServer] Back off 14.007 seconds before next retry. 4 attempt left.
[2026-07-01 09:30:41Z INFO BrokerMessageListener] Get next message has been cancelled.
[2026-07-01 09:30:41Z INFO JobDispatcher] Shutting down JobDispatcher. Make sure all WorkerDispatcher has finished.
[2026-07-01 09:30:41Z INFO JobDispatcher] Ensure WorkerDispatcher for job a2c36185-1c35-5733-9c7b-a4520f51d0e1 run to finish, cancel any running job.
[2026-07-01 09:30:41Z INFO JobDispatcher] Job request a2c36185-1c35-5733-9c7b-a4520f51d0e1 processed succeed.
[2026-07-01 09:30:41Z INFO Runner] Deleting Runner Session...
[2026-07-01 09:30:42Z INFO Listener] Runner execution been cancelled.
