[2026-07-01 09:18:02Z INFO HostContext] No proxy settings were found based on environmental variables (http_proxy/https_proxy/HTTP_PROXY/HTTPS_PROXY)
[2026-07-01 09:18:02Z INFO HostContext] Well known directory 'Bin': 'D:\Naing Test\docker-practice\actions-runner\bin'
[2026-07-01 09:18:02Z INFO HostContext] Well known directory 'Root': 'D:\Naing Test\docker-practice\actions-runner'
[2026-07-01 09:18:02Z INFO HostContext] Well known config file 'Credentials': 'D:\Naing Test\docker-practice\actions-runner\.credentials'
[2026-07-01 09:18:02Z INFO HostContext] Well known directory 'Bin': 'D:\Naing Test\docker-practice\actions-runner\bin'
[2026-07-01 09:18:02Z INFO HostContext] Well known directory 'Root': 'D:\Naing Test\docker-practice\actions-runner'
[2026-07-01 09:18:02Z INFO HostContext] Well known config file 'Runner': 'D:\Naing Test\docker-practice\actions-runner\.runner'
[2026-07-01 09:18:02Z INFO Listener] Runner is built for Windows (X64) - win-x64.
[2026-07-01 09:18:02Z INFO Listener] RuntimeInformation: Microsoft Windows 10.0.26200.
[2026-07-01 09:18:02Z INFO Listener] Version: 2.335.1
[2026-07-01 09:18:02Z INFO Listener] Commit: 7d737449ef346f6524f75688d0c9c95fa10ba10a
[2026-07-01 09:18:02Z INFO Listener] Culture: en-US
[2026-07-01 09:18:02Z INFO Listener] UI Culture: en-US
[2026-07-01 09:18:02Z INFO HostContext] Well known directory 'Bin': 'D:\Naing Test\docker-practice\actions-runner\bin'
[2026-07-01 09:18:02Z INFO HostContext] Well known directory 'Root': 'D:\Naing Test\docker-practice\actions-runner'
[2026-07-01 09:18:02Z INFO Listener] Validating directory permissions for: 'D:\Naing Test\docker-practice\actions-runner'
[2026-07-01 09:18:02Z INFO CommandLineParser] Parse
[2026-07-01 09:18:02Z INFO CommandLineParser] Parsing 1 args
[2026-07-01 09:18:02Z INFO CommandLineParser] parsing argument
[2026-07-01 09:18:02Z INFO CommandLineParser] HasArgs: False
[2026-07-01 09:18:02Z INFO CommandLineParser] Adding Command: run
[2026-07-01 09:18:02Z INFO Listener] Arguments parsed
[2026-07-01 09:18:02Z INFO Runner] ExecuteCommand
[2026-07-01 09:18:02Z INFO ConfigurationStore] currentAssemblyLocation: D:\Naing Test\docker-practice\actions-runner\bin\Runner.Listener.dll
[2026-07-01 09:18:02Z INFO HostContext] Well known directory 'Bin': 'D:\Naing Test\docker-practice\actions-runner\bin'
[2026-07-01 09:18:02Z INFO ConfigurationStore] binPath: D:\Naing Test\docker-practice\actions-runner\bin
[2026-07-01 09:18:02Z INFO HostContext] Well known directory 'Bin': 'D:\Naing Test\docker-practice\actions-runner\bin'
[2026-07-01 09:18:02Z INFO HostContext] Well known directory 'Root': 'D:\Naing Test\docker-practice\actions-runner'
[2026-07-01 09:18:02Z INFO ConfigurationStore] RootFolder: D:\Naing Test\docker-practice\actions-runner
[2026-07-01 09:18:02Z INFO HostContext] Well known directory 'Bin': 'D:\Naing Test\docker-practice\actions-runner\bin'
[2026-07-01 09:18:02Z INFO HostContext] Well known directory 'Root': 'D:\Naing Test\docker-practice\actions-runner'
[2026-07-01 09:18:02Z INFO HostContext] Well known config file 'Runner': 'D:\Naing Test\docker-practice\actions-runner\.runner'
[2026-07-01 09:18:02Z INFO ConfigurationStore] ConfigFilePath: D:\Naing Test\docker-practice\actions-runner\.runner
[2026-07-01 09:18:02Z INFO HostContext] Well known directory 'Bin': 'D:\Naing Test\docker-practice\actions-runner\bin'
[2026-07-01 09:18:02Z INFO HostContext] Well known directory 'Root': 'D:\Naing Test\docker-practice\actions-runner'
[2026-07-01 09:18:02Z INFO HostContext] Well known config file 'MigratedRunner': 'D:\Naing Test\docker-practice\actions-runner\.runner_migrated'
[2026-07-01 09:18:02Z INFO ConfigurationStore] MigratedConfigFilePath: D:\Naing Test\docker-practice\actions-runner\.runner_migrated
[2026-07-01 09:18:02Z INFO HostContext] Well known directory 'Bin': 'D:\Naing Test\docker-practice\actions-runner\bin'
[2026-07-01 09:18:02Z INFO HostContext] Well known directory 'Root': 'D:\Naing Test\docker-practice\actions-runner'
[2026-07-01 09:18:02Z INFO HostContext] Well known config file 'Credentials': 'D:\Naing Test\docker-practice\actions-runner\.credentials'
[2026-07-01 09:18:02Z INFO ConfigurationStore] CredFilePath: D:\Naing Test\docker-practice\actions-runner\.credentials
[2026-07-01 09:18:02Z INFO HostContext] Well known directory 'Bin': 'D:\Naing Test\docker-practice\actions-runner\bin'
[2026-07-01 09:18:02Z INFO HostContext] Well known directory 'Root': 'D:\Naing Test\docker-practice\actions-runner'
[2026-07-01 09:18:02Z INFO HostContext] Well known config file 'MigratedCredentials': 'D:\Naing Test\docker-practice\actions-runner\.credentials_migrated'
[2026-07-01 09:18:02Z INFO ConfigurationStore] MigratedCredFilePath: D:\Naing Test\docker-practice\actions-runner\.credentials_migrated
[2026-07-01 09:18:02Z INFO HostContext] Well known directory 'Bin': 'D:\Naing Test\docker-practice\actions-runner\bin'
[2026-07-01 09:18:02Z INFO HostContext] Well known directory 'Root': 'D:\Naing Test\docker-practice\actions-runner'
[2026-07-01 09:18:02Z INFO HostContext] Well known config file 'Service': 'D:\Naing Test\docker-practice\actions-runner\.service'
[2026-07-01 09:18:02Z INFO ConfigurationStore] ServiceConfigFilePath: D:\Naing Test\docker-practice\actions-runner\.service
[2026-07-01 09:18:02Z INFO CommandSettings] Flag 'help': 'False'
[2026-07-01 09:18:02Z INFO CommandSettings] Flag 'version': 'False'
[2026-07-01 09:18:02Z INFO CommandSettings] Flag 'commit': 'False'
[2026-07-01 09:18:02Z INFO CommandSettings] Flag 'check': 'False'
[2026-07-01 09:18:02Z INFO CommandSettings] Command 'configure': 'False'
[2026-07-01 09:18:02Z INFO CommandSettings] Command 'remove': 'False'
[2026-07-01 09:18:02Z INFO CommandSettings] Command 'warmup': 'False'
[2026-07-01 09:18:02Z INFO ConfigurationManager] LoadSettings
[2026-07-01 09:18:02Z INFO ConfigurationStore] IsConfigured()
[2026-07-01 09:18:02Z INFO ConfigurationStore] IsConfigured: False
[2026-07-01 09:18:02Z INFO ConfigurationManager] Is configured: False
[2026-07-01 09:18:02Z ERR  Terminal] WRITE ERROR: An error occurred: Not configured. Run config.(sh/cmd) to configure the runner.
[2026-07-01 09:18:03Z ERR  Listener] GitHub.Runner.Common.NonRetryableException: Not configured. Run config.(sh/cmd) to configure the runner.
   at GitHub.Runner.Listener.Configuration.ConfigurationManager.LoadSettings()
   at GitHub.Runner.Listener.Runner.ExecuteCommand(CommandSettings command)
   at GitHub.Runner.Listener.Program.MainAsync(IHostContext context, String[] args)
